Arguments: 
  /home/king/.nvm/versions/node/v16.14.1/bin/node /home/king/.nvm/versions/node/v16.14.1/bin/yarn publish

PATH: 
  /home/king/.vscode-server/bin/da76f93349a72022ca4670c1b84860304616aaa2/bin/remote-cli:/home/king/.nvm/versions/node/v16.14.1/bin:/usr/local/sbin:/usr/local/bin:/usr/sbin:/usr/bin:/sbin:/bin:/usr/games:/usr/local/games:/mnt/c/Windows/system32:/mnt/c/Windows:/mnt/c/Windows/System32/Wbem:/mnt/c/Windows/System32/WindowsPowerShell/v1.0/:/mnt/c/Windows/System32/OpenSSH/:/mnt/c/Program Files/Git/cmd:/mnt/d/phpstudy_pro/Extensions/php/php7.1.9nts:/mnt/c/Program Files/NVIDIA Corporation/NVIDIA NvDLISR:/mnt/c/Program Files/Docker/Docker/resources/bin:/mnt/c/ProgramData/DockerDesktop/version-bin:/mnt/c/Program Files (x86)/Tencent/微信web开发者工具/dll:/mnt/c/Program Files/nodejs/:/mnt/c/Users/Administrator/AppData/Local/Microsoft/WindowsApps:/mnt/c/Users/Administrator/AppData/Local/Programs/Microsoft VS Code/bin:/mnt/c/Users/Administrator/AppData/Roaming/npm:/mnt/c/Users/Administrator/AppData/Local/JetBrains/Toolbox/scripts:/snap/bin

Yarn version: 
  1.22.19

Node version: 
  16.14.1

Platform: 
  linux x64

Trace: 
  Error: canceled
      at Interface.<anonymous> (/home/king/.nvm/versions/node/v16.14.1/lib/node_modules/yarn/lib/cli.js:137150:13)
      at Interface.emit (node:events:526:28)
      at Interface._ttyWrite (node:readline:1081:16)
      at ReadStream.onkeypress (node:readline:288:10)
      at ReadStream.emit (node:events:526:28)
      at emitKeys (node:internal/readline/utils:358:14)
      at emitKeys.next (<anonymous>)
      at ReadStream.onData (node:internal/readline/emitKeypressEvents:61:36)
      at ReadStream.emit (node:events:526:28)
      at addChunk (node:internal/streams/readable:315:12)

npm manifest: 
  {
    "name": "vuepress-blog",
    "version": "1.0.0",
    "main": "index.js",
    "author": "king <836334258@qq.com>",
    "license": "MIT",
    "scripts": {
      "docs:dev": "vuepress dev docs",
      "docs:build": "vuepress build docs",
      "prepare": "husky install",
      "rebuild": "npx rimraf node_modules && npx rimraf yarn.lock && yarn --frozen-lockfile",
      "release": "sh release.sh"
    },
    "devDependencies": {
      "husky": "^8.0.1",
      "lint-staged": "^13.0.2",
      "prettier": "2.7.1",
      "rimraf": "^3.0.2",
      "vuepress": "2.0.0-beta.53"
    },
    "dependencies": {
      "vue": "^3.2.37"
    },
    "lint-staged": {
      "**/*": "prettier --write --ignore-unknown"
    }
  }

yarn manifest: 
  No manifest

Lockfile: 
  No lockfile
